# JRE version: OpenJDK Runtime Environment GraalVM CE 22.3.0 (17.0.5+8) (build 17.0.5+8-jvmci-22.3-b08)
# Java VM: OpenJDK 64-Bit Server VM GraalVM CE 22.3.0 (17.0.5+8-jvmci-22.3-b08, mixed mode, sharing, tiered, jvmci, jvmci compiler, compressed oops, compressed class ptrs, parallel gc, linux-amd64)
GC Precious Log:
 CPUs: 8 total, 1 available
 Memory: 1024M
 Large Page Support: Disabled
 NUMA Support: Disabled
 Compressed Oops: Enabled (32-bit)
 Alignments: Space 512K, Generation 512K, Heap 2M
 Heap Min Capacity: 100M
 Heap Initial Capacity: 100M
 Heap Max Capacity: 512M
 Pre-touch: Disabled
 Parallel Workers: 1
Heap:
 PSYoungGen      total 33280K, used 23551K [0x00000000f5580000, 0x00000000f9280000, 0x0000000100000000)
  eden space 23552K, 99% used [0x00000000f5580000,0x00000000f6c7fff8,0x00000000f6c80000)
  from space 9728K, 0% used [0x00000000f7f00000,0x00000000f7f00000,0x00000000f8880000)
  to   space 18944K, 0% used [0x00000000f6c80000,0x00000000f6c80000,0x00000000f7f00000)
 ParOldGen       total 349696K, used 349695K [0x00000000e0000000, 0x00000000f5580000, 0x00000000f5580000)
  object space 349696K, 99% used [0x00000000e0000000,0x00000000f557ff88,0x00000000f5580000)
 Metaspace       used 54861K, committed 55744K, reserved 1105920K
  class space    used 5149K, committed 5504K, reserved 1048576K
GC Heap History (20 events):
Event: 1715.938 GC heap before
{Heap before GC invocations=875 (full 766):
 PSYoungGen      total 33280K, used 23551K [0x00000000f5580000, 0x00000000f9280000, 0x0000000100000000)
  eden space 23552K, 99% used [0x00000000f5580000,0x00000000f6c7fff0,0x00000000f6c80000)
  from space 9728K, 0% used [0x00000000f7f00000,0x00000000f7f00000,0x00000000f8880000)
  to   space 18944K, 0% used [0x00000000f6c80000,0x00000000f6c80000,0x00000000f7f00000)
 ParOldGen       total 349696K, used 349689K [0x00000000e0000000, 0x00000000f5580000, 0x00000000f5580000)
  object space 349696K, 99% used [0x00000000e0000000,0x00000000f557e618,0x00000000f5580000)
 Metaspace       used 54861K, committed 55744K, reserved 1105920K
  class space    used 5149K, committed 5504K, reserved 1048576K
}
Event: 1718.087 GC heap after
{Heap after GC invocations=875 (full 766):
 PSYoungGen      total 42496K, used 23551K [0x00000000f5580000, 0x00000000f9280000, 0x0000000100000000)
  eden space 23552K, 99% used [0x00000000f5580000,0x00000000f6c7ffd8,0x00000000f6c80000)
  from space 18944K, 0% used [0x00000000f6c80000,0x00000000f6c80000,0x00000000f7f00000)
  to   space 9728K, 0% used [0x00000000f7f00000,0x00000000f7f00000,0x00000000f8880000)
 ParOldGen       total 349696K, used 349689K [0x00000000e0000000, 0x00000000f5580000, 0x00000000f5580000)
  object space 349696K, 99% used [0x00000000e0000000,0x00000000f557e618,0x00000000f5580000)
 Metaspace       used 54861K, committed 55744K, reserved 1105920K
  class space    used 5149K, committed 5504K, reserved 1048576K
}
Event: 1718.087 GC heap before
{Heap before GC invocations=876 (full 767):
 PSYoungGen      total 42496K, used 23551K [0x00000000f5580000, 0x00000000f9280000, 0x0000000100000000)
  eden space 23552K, 99% used [0x00000000f5580000,0x00000000f6c7fff0,0x00000000f6c80000)
  from space 18944K, 0% used [0x00000000f6c80000,0x00000000f6c80000,0x00000000f7f00000)
  to   space 9728K, 0% used [0x00000000f7f00000,0x00000000f7f00000,0x00000000f8880000)
 ParOldGen       total 349696K, used 349689K [0x00000000e0000000, 0x00000000f5580000, 0x00000000f5580000)
  object space 349696K, 99% used [0x00000000e0000000,0x00000000f557e618,0x00000000f5580000)
 Metaspace       used 54861K, committed 55744K, reserved 1105920K
  class space    used 5149K, committed 5504K, reserved 1048576K
}
Event: 1720.008 GC heap after
{Heap after GC invocations=876 (full 767):
 PSYoungGen      total 33280K, used 23551K [0x00000000f5580000, 0x00000000f9280000, 0x0000000100000000)
  eden space 23552K, 99% used [0x00000000f5580000,0x00000000f6c7fff0,0x00000000f6c80000)
  from space 9728K, 0% used [0x00000000f7f00000,0x00000000f7f00000,0x00000000f8880000)
  to   space 18944K, 0% used [0x00000000f6c80000,0x00000000f6c80000,0x00000000f7f00000)
 ParOldGen       total 349696K, used 349689K [0x00000000e0000000, 0x00000000f5580000, 0x00000000f5580000)
  object space 349696K, 99% used [0x00000000e0000000,0x00000000f557e618,0x00000000f5580000)
 Metaspace       used 54861K, committed 55744K, reserved 1105920K
  class space    used 5149K, committed 5504K, reserved 1048576K
}
Event: 1720.009 GC heap before
{Heap before GC invocations=877 (full 768):
 PSYoungGen      total 33280K, used 23551K [0x00000000f5580000, 0x00000000f9280000, 0x0000000100000000)
  eden space 23552K, 99% used [0x00000000f5580000,0x00000000f6c7fff0,0x00000000f6c80000)
  from space 9728K, 0% used [0x00000000f7f00000,0x00000000f7f00000,0x00000000f8880000)
  to   space 18944K, 0% used [0x00000000f6c80000,0x00000000f6c80000,0x00000000f7f00000)
 ParOldGen       total 349696K, used 349691K [0x00000000e0000000, 0x00000000f5580000, 0x00000000f5580000)
  object space 349696K, 99% used [0x00000000e0000000,0x00000000f557ed70,0x00000000f5580000)
 Metaspace       used 54861K, committed 55744K, reserved 1105920K
  class space    used 5149K, committed 5504K, reserved 1048576K
}
Event: 1722.126 GC heap after
{Heap after GC invocations=877 (full 768):
 PSYoungGen      total 42496K, used 23551K [0x00000000f5580000, 0x00000000f9280000, 0x0000000100000000)
  eden space 23552K, 99% used [0x00000000f5580000,0x00000000f6c7fee8,0x00000000f6c80000)
  from space 18944K, 0% used [0x00000000f6c80000,0x00000000f6c80000,0x00000000f7f00000)
  to   space 9728K, 0% used [0x00000000f7f00000,0x00000000f7f00000,0x00000000f8880000)
 ParOldGen       total 349696K, used 349691K [0x00000000e0000000, 0x00000000f5580000, 0x00000000f5580000)
  object space 349696K, 99% used [0x00000000e0000000,0x00000000f557ed40,0x00000000f5580000)
 Metaspace       used 54861K, committed 55744K, reserved 1105920K
  class space    used 5149K, committed 5504K, reserved 1048576K
}
Event: 1722.127 GC heap before
{Heap before GC invocations=878 (full 769):
 PSYoungGen      total 42496K, used 23551K [0x00000000f5580000, 0x00000000f9280000, 0x0000000100000000)
  eden space 23552K, 99% used [0x00000000f5580000,0x00000000f6c7fff0,0x00000000f6c80000)
  from space 18944K, 0% used [0x00000000f6c80000,0x00000000f6c80000,0x00000000f7f00000)
  to   space 9728K, 0% used [0x00000000f7f00000,0x00000000f7f00000,0x00000000f8880000)
 ParOldGen       total 349696K, used 349691K [0x00000000e0000000, 0x00000000f5580000, 0x00000000f5580000)
  object space 349696K, 99% used [0x00000000e0000000,0x00000000f557ed40,0x00000000f5580000)
 Metaspace       used 54861K, committed 55744K, reserved 1105920K
  class space    used 5149K, committed 5504K, reserved 1048576K
}
Event: 1724.130 GC heap after
{Heap after GC invocations=878 (full 769):
 PSYoungGen      total 33280K, used 23551K [0x00000000f5580000, 0x00000000f9280000, 0x0000000100000000)
  eden space 23552K, 99% used [0x00000000f5580000,0x00000000f6c7fff0,0x00000000f6c80000)
  from space 9728K, 0% used [0x00000000f7f00000,0x00000000f7f00000,0x00000000f8880000)
  to   space 18944K, 0% used [0x00000000f6c80000,0x00000000f6c80000,0x00000000f7f00000)
 ParOldGen       total 349696K, used 349691K [0x00000000e0000000, 0x00000000f5580000, 0x00000000f5580000)
  object space 349696K, 99% used [0x00000000e0000000,0x00000000f557ed40,0x00000000f5580000)
 Metaspace       used 54861K, committed 55744K, reserved 1105920K
  class space    used 5149K, committed 5504K, reserved 1048576K
}
Event: 1724.132 GC heap before
{Heap before GC invocations=879 (full 770):
 PSYoungGen      total 33280K, used 23551K [0x00000000f5580000, 0x00000000f9280000, 0x0000000100000000)
  eden space 23552K, 99% used [0x00000000f5580000,0x00000000f6c7fff0,0x00000000f6c80000)
  from space 9728K, 0% used [0x00000000f7f00000,0x00000000f7f00000,0x00000000f8880000)
  to   space 18944K, 0% used [0x00000000f6c80000,0x00000000f6c80000,0x00000000f7f00000)
 ParOldGen       total 349696K, used 349692K [0x00000000e0000000, 0x00000000f5580000, 0x00000000f5580000)
  object space 349696K, 99% used [0x00000000e0000000,0x00000000f557f358,0x00000000f5580000)
 Metaspace       used 54861K, committed 55744K, reserved 1105920K
  class space    used 5149K, committed 5504K, reserved 1048576K
}
Event: 1726.240 GC heap after
{Heap after GC invocations=879 (full 770):
 PSYoungGen      total 42496K, used 23551K [0x00000000f5580000, 0x00000000f9280000, 0x0000000100000000)
  eden space 23552K, 99% used [0x00000000f5580000,0x00000000f6c7ffd8,0x00000000f6c80000)
  from space 18944K, 0% used [0x00000000f6c80000,0x00000000f6c80000,0x00000000f7f00000)
  to   space 9728K, 0% used [0x00000000f7f00000,0x00000000f7f00000,0x00000000f8880000)
 ParOldGen       total 349696K, used 349692K [0x00000000e0000000, 0x00000000f5580000, 0x00000000f5580000)
  object space 349696K, 99% used [0x00000000e0000000,0x00000000f557f358,0x00000000f5580000)
 Metaspace       used 54861K, committed 55744K, reserved 1105920K
  class space    used 5149K, committed 5504K, reserved 1048576K
}
Event: 1726.243 GC heap before
{Heap before GC invocations=880 (full 771):
 PSYoungGen      total 42496K, used 23551K [0x00000000f5580000, 0x00000000f9280000, 0x0000000100000000)
  eden space 23552K, 99% used [0x00000000f5580000,0x00000000f6c7fff0,0x00000000f6c80000)
  from space 18944K, 0% used [0x00000000f6c80000,0x00000000f6c80000,0x00000000f7f00000)
  to   space 9728K, 0% used [0x00000000f7f00000,0x00000000f7f00000,0x00000000f8880000)
 ParOldGen       total 349696K, used 349692K [0x00000000e0000000, 0x00000000f5580000, 0x00000000f5580000)
  object space 349696K, 99% used [0x00000000e0000000,0x00000000f557f358,0x00000000f5580000)
 Metaspace       used 54861K, committed 55744K, reserved 1105920K
  class space    used 5149K, committed 5504K, reserved 1048576K
}
Event: 1728.163 GC heap after
{Heap after GC invocations=880 (full 771):
 PSYoungGen      total 33280K, used 23551K [0x00000000f5580000, 0x00000000f9280000, 0x0000000100000000)
  eden space 23552K, 99% used [0x00000000f5580000,0x00000000f6c7fff0,0x00000000f6c80000)
  from space 9728K, 0% used [0x00000000f7f00000,0x00000000f7f00000,0x00000000f8880000)
  to   space 18944K, 0% used [0x00000000f6c80000,0x00000000f6c80000,0x00000000f7f00000)
 ParOldGen       total 349696K, used 349692K [0x00000000e0000000, 0x00000000f5580000, 0x00000000f5580000)
  object space 349696K, 99% used [0x00000000e0000000,0x00000000f557f358,0x00000000f5580000)
 Metaspace       used 54861K, committed 55744K, reserved 1105920K
  class space    used 5149K, committed 5504K, reserved 1048576K
}
Event: 1728.163 GC heap before
{Heap before GC invocations=881 (full 772):
 PSYoungGen      total 33280K, used 23551K [0x00000000f5580000, 0x00000000f9280000, 0x0000000100000000)
  eden space 23552K, 99% used [0x00000000f5580000,0x00000000f6c7fff0,0x00000000f6c80000)
  from space 9728K, 0% used [0x00000000f7f00000,0x00000000f7f00000,0x00000000f8880000)
  to   space 18944K, 0% used [0x00000000f6c80000,0x00000000f6c80000,0x00000000f7f00000)
 ParOldGen       total 349696K, used 349694K [0x00000000e0000000, 0x00000000f5580000, 0x00000000f5580000)
  object space 349696K, 99% used [0x00000000e0000000,0x00000000f557fa50,0x00000000f5580000)
 Metaspace       used 54861K, committed 55744K, reserved 1105920K
  class space    used 5149K, committed 5504K, reserved 1048576K
}
Event: 1730.470 GC heap after
{Heap after GC invocations=881 (full 772):
 PSYoungGen      total 42496K, used 23551K [0x00000000f5580000, 0x00000000f9280000, 0x0000000100000000)
  eden space 23552K, 99% used [0x00000000f5580000,0x00000000f6c7ff60,0x00000000f6c80000)
  from space 18944K, 0% used [0x00000000f6c80000,0x00000000f6c80000,0x00000000f7f00000)
  to   space 9728K, 0% used [0x00000000f7f00000,0x00000000f7f00000,0x00000000f8880000)
 ParOldGen       total 349696K, used 349694K [0x00000000e0000000, 0x00000000f5580000, 0x00000000f5580000)
  object space 349696K, 99% used [0x00000000e0000000,0x00000000f557fa08,0x00000000f5580000)
 Metaspace       used 54861K, committed 55744K, reserved 1105920K
  class space    used 5149K, committed 5504K, reserved 1048576K
}
Event: 1730.470 GC heap before
{Heap before GC invocations=882 (full 773):
 PSYoungGen      total 42496K, used 23551K [0x00000000f5580000, 0x00000000f9280000, 0x0000000100000000)
  eden space 23552K, 99% used [0x00000000f5580000,0x00000000f6c7fff8,0x00000000f6c80000)
  from space 18944K, 0% used [0x00000000f6c80000,0x00000000f6c80000,0x00000000f7f00000)
  to   space 9728K, 0% used [0x00000000f7f00000,0x00000000f7f00000,0x00000000f8880000)
 ParOldGen       total 349696K, used 349694K [0x00000000e0000000, 0x00000000f5580000, 0x00000000f5580000)
  object space 349696K, 99% used [0x00000000e0000000,0x00000000f557fa08,0x00000000f5580000)
 Metaspace       used 54861K, committed 55744K, reserved 1105920K
  class space    used 5149K, committed 5504K, reserved 1048576K
}
Event: 1732.550 GC heap after
{Heap after GC invocations=882 (full 773):
 PSYoungGen      total 33280K, used 23551K [0x00000000f5580000, 0x00000000f9280000, 0x0000000100000000)
  eden space 23552K, 99% used [0x00000000f5580000,0x00000000f6c7fff8,0x00000000f6c80000)
  from space 9728K, 0% used [0x00000000f7f00000,0x00000000f7f00000,0x00000000f8880000)
  to   space 18944K, 0% used [0x00000000f6c80000,0x00000000f6c80000,0x00000000f7f00000)
 ParOldGen       total 349696K, used 349694K [0x00000000e0000000, 0x00000000f5580000, 0x00000000f5580000)
  object space 349696K, 99% used [0x00000000e0000000,0x00000000f557fa08,0x00000000f5580000)
 Metaspace       used 54861K, committed 55744K, reserved 1105920K
  class space    used 5149K, committed 5504K, reserved 1048576K
}
Event: 1732.551 GC heap before
{Heap before GC invocations=883 (full 774):
 PSYoungGen      total 33280K, used 23551K [0x00000000f5580000, 0x00000000f9280000, 0x0000000100000000)
  eden space 23552K, 99% used [0x00000000f5580000,0x00000000f6c7fff8,0x00000000f6c80000)
  from space 9728K, 0% used [0x00000000f7f00000,0x00000000f7f00000,0x00000000f8880000)
  to   space 18944K, 0% used [0x00000000f6c80000,0x00000000f6c80000,0x00000000f7f00000)
 ParOldGen       total 349696K, used 349694K [0x00000000e0000000, 0x00000000f5580000, 0x00000000f5580000)
  object space 349696K, 99% used [0x00000000e0000000,0x00000000f557fbb0,0x00000000f5580000)
 Metaspace       used 54861K, committed 55744K, reserved 1105920K
  class space    used 5149K, committed 5504K, reserved 1048576K
}
Event: 1734.545 GC heap after
{Heap after GC invocations=883 (full 774):
 PSYoungGen      total 42496K, used 23551K [0x00000000f5580000, 0x00000000f9280000, 0x0000000100000000)
  eden space 23552K, 99% used [0x00000000f5580000,0x00000000f6c7ffc0,0x00000000f6c80000)
  from space 18944K, 0% used [0x00000000f6c80000,0x00000000f6c80000,0x00000000f7f00000)
  to   space 9728K, 0% used [0x00000000f7f00000,0x00000000f7f00000,0x00000000f8880000)
 ParOldGen       total 349696K, used 349694K [0x00000000e0000000, 0x00000000f5580000, 0x00000000f5580000)
  object space 349696K, 99% used [0x00000000e0000000,0x00000000f557fa80,0x00000000f5580000)
 Metaspace       used 54861K, committed 55744K, reserved 1105920K
  class space    used 5149K, committed 5504K, reserved 1048576K
}
Event: 1734.546 GC heap before
{Heap before GC invocations=884 (full 775):
 PSYoungGen      total 42496K, used 23551K [0x00000000f5580000, 0x00000000f9280000, 0x0000000100000000)
  eden space 23552K, 99% used [0x00000000f5580000,0x00000000f6c7ffc0,0x00000000f6c80000)
  from space 18944K, 0% used [0x00000000f6c80000,0x00000000f6c80000,0x00000000f7f00000)
  to   space 9728K, 0% used [0x00000000f7f00000,0x00000000f7f00000,0x00000000f8880000)
 ParOldGen       total 349696K, used 349694K [0x00000000e0000000, 0x00000000f5580000, 0x00000000f5580000)
  object space 349696K, 99% used [0x00000000e0000000,0x00000000f557fa80,0x00000000f5580000)
 Metaspace       used 54861K, committed 55744K, reserved 1105920K
  class space    used 5149K, committed 5504K, reserved 1048576K
}
Event: 1736.546 GC heap after
{Heap after GC invocations=884 (full 775):
 PSYoungGen      total 33280K, used 23551K [0x00000000f5580000, 0x00000000f9280000, 0x0000000100000000)
  eden space 23552K, 99% used [0x00000000f5580000,0x00000000f6c7ffc0,0x00000000f6c80000)
  from space 9728K, 0% used [0x00000000f7f00000,0x00000000f7f00000,0x00000000f8880000)
  to   space 18944K, 0% used [0x00000000f6c80000,0x00000000f6c80000,0x00000000f7f00000)
 ParOldGen       total 349696K, used 349694K [0x00000000e0000000, 0x00000000f5580000, 0x00000000f5580000)
  object space 349696K, 99% used [0x00000000e0000000,0x00000000f557f898,0x00000000f5580000)
 Metaspace       used 54861K, committed 55744K, reserved 1105920K
  class space    used 5149K, committed 5504K, reserved 1048576K
}

